<html>
<head>
<title>TestNG:  Sequential Execution</title>
<link href="../testng.css" rel="stylesheet" type="text/css" />
<link href="../my-testng.css" rel="stylesheet" type="text/css" />

<style type="text/css">
.log { display: none;} 
.stack-trace { display: none;} 
</style>
<script type="text/javascript">
<!--
function flip(e) {
  current = e.style.display;
  if (current == 'block') {
    e.style.display = 'none';
    return 0;
  }
  else {
    e.style.display = 'block';
    return 1;
  }
}

function toggleBox(szDivId, elem, msg1, msg2)
{
  var res = -1;  if (document.getElementById) {
    res = flip(document.getElementById(szDivId));
  }
  else if (document.all) {
    // this is the way old msie versions work
    res = flip(document.all[szDivId]);
  }
  if(elem) {
    if(res == 0) elem.innerHTML = msg1; else elem.innerHTML = msg2;
  }

}

function toggleAllBoxes() {
  if (document.getElementsByTagName) {
    d = document.getElementsByTagName('div');
    for (i = 0; i < d.length; i++) {
      if (d[i].className == 'log') {
        flip(d[i]);
      }
    }
  }
}

// -->
</script>

</head>
<body>
<h2 align='center'>Sequential Execution</h2><table border='1' align="center">
<tr>
<td>Tests passed/Failed/Skipped:</td><td>7/2/0</td>
</tr><tr>
<td>Started on:</td><td>Tue Dec 16 12:48:14 IST 2025</td>
</tr>
<tr><td>Total time:</td><td>226 seconds (226636 ms)</td>
</tr><tr>
<td>Included groups:</td><td></td>
</tr><tr>
<td>Excluded groups:</td><td></td>
</tr>
</table><p/>
<small><i>(Hover the method name to see the test class name)</i></small><p/>
<table width='100%' border='1' class='invocation-failed'>
<tr><td colspan='4' align='center'><b>FAILED TESTS</b></td></tr>
<tr><td><b>Test method</b></td>
<td><b>Attribute(s)</b></td>
<td width="30%"><b>Exception</b></td>
<td width="10%"><b>Time (seconds)</b></td>
<td><b>Instance</b></td>
</tr>
<tr>
<td title='tvs_website_weekly_report.Luxor.bannerForm()'><b>bannerForm</b><br>Test class: tvs_website_weekly_report.Luxor<br>Parameters: https://www.tvsemerald.com/lp/tvs-emerald-luxor/?p_s=Tester_Digital&se_s=Tester_Google&t_s=Tester_Google%20Search&ADCampaignID=21154353295&AdSetID=160172621163&AdID=695410883401&AdPosition=&matchtype=b&gad_source=1&gclid=Cj0KCQjwmt24BhDPARIsAJFYKk3Je-L7NQtA5f1i5vsgSqgT9-0Fi4TPWUQ8qoxKWmXnrQVkfOg6MlsaAttSEALw_wcB&utm_source=Tester_newslettertesting&utm_medium=Tester_socialtesting&utm_campaign=saletesting&utm_content=Tester_buy-nowbtntesting&utm_term=Tester_testing&srd=667aaeb22f31c68f1dcec8a3, Test tiputap, tiptcdusry@gmail.com, 8534332020</td>
<td><div><pre>org.openqa.selenium.TimeoutException: Expected condition failed: waiting for url to contain &quot;thankyou.php&quot;. Current url: &quot;https://www.tvsemerald.com/lp/tvs-emerald-luxor/?p_s=Tester_Digital&amp;se_s=Tester_Google&amp;t_s=Tester_Google%20Search&amp;ADCampaignID=21154353295&amp;AdSetID=160172621163&amp;AdID=695410883401&amp;AdPosition=&amp;matchtype=b&amp;gad_source=1&amp;gclid=Cj0KCQjwmt24BhDPARIsAJFYKk3Je-L7NQtA5f1i5vsgSqgT9-0Fi4TPWUQ8qoxKWmXnrQVkfOg6MlsaAttSEALw_wcB&amp;utm_source=Tester_newslettertesting&amp;utm_medium=Tester_socialtesting&amp;utm_campaign=saletesting&amp;utm_content=Tester_buy-nowbtntesting&amp;utm_term=Tester_testing&amp;srd=667aaeb22f31c68f1dcec8a3&quot; (tried for 20 second(s) with 500 milliseconds interval)
Build info: version: &apos;4.27.0&apos;, revision: &apos;d6e718d134&apos;
System info: os.name: &apos;Windows 11&apos;, os.arch: &apos;amd64&apos;, os.version: &apos;10.0&apos;, java.version: &apos;17.0.10&apos;
Driver info: org.openqa.selenium.chrome.ChromeDriver
Capabilities {acceptInsecureCerts: false, browserName: chrome, browserVersion: 143.0.7499.41, chrome: {chromedriverVersion: 143.0.7499.42 (24bdc8c48a0c..., userDataDir: C:\Users\SADHAM~1\AppData\L...}, fedcm:accounts: true, goog:chromeOptions: {debuggerAddress: localhost:64874}, goog:processID: 26896, networkConnectionEnabled: false, pageLoadStrategy: normal, platformName: windows, proxy: Proxy(), se:cdp: ws://localhost:64874/devtoo..., se:cdpVersion: 143.0.7499.41, setWindowRect: true, strictFileInteractability: false, timeouts: {implicit: 0, pageLoad: 300000, script: 30000}, unhandledPromptBehavior: dismiss and notify, webauthn:extension:credBlob: true, webauthn:extension:largeBlob: true, webauthn:extension:minPinLength: true, webauthn:extension:prf: true, webauthn:virtualAuthenticators: true}
Session ID: 916a621ab860f8e9568d30dce46bee18
	at org.openqa.selenium.support.ui.WebDriverWait.timeoutException(WebDriverWait.java:84)
	at org.openqa.selenium.support.ui.FluentWait.until(FluentWait.java:228)
	at tvs_website_weekly_report.Luxor.bannerForm(Luxor.java:31)
	at java.base/jdk.internal.reflect.NativeMethodAccessorImpl.invoke0(Native Method)
	at java.base/jdk.internal.reflect.NativeMethodAccessorImpl.invoke(NativeMethodAccessorImpl.java:77)
	at java.base/jdk.internal.reflect.DelegatingMethodAccessorImpl.invoke(DelegatingMethodAccessorImpl.java:43)
	at java.base/java.lang.reflect.Method.invoke(Method.java:568)
	at org.testng.internal.invokers.MethodInvocationHelper.invokeMethod(MethodInvocationHelper.java:139)
	at org.testng.internal.invokers.TestInvoker.invokeMethod(TestInvoker.java:664)
	at org.testng.internal.invokers.TestInvoker.invokeTestMethod(TestInvoker.java:228)
	at org.testng.internal.invokers.MethodRunner.runInSequence(MethodRunner.java:63)
	at org.testng.internal.invokers.TestInvoker$MethodInvocationAgent.invoke(TestInvoker.java:961)
	at org.testng.internal.invokers.TestInvoker.invokeTestMethods(TestInvoker.java:201)
	at org.testng.internal.invokers.TestMethodWorker.invokeTestMethods(TestMethodWorker.java:148)
	at org.testng.internal.invokers.TestMethodWorker.run(TestMethodWorker.java:128)
	at java.base/java.util.ArrayList.forEach(ArrayList.java:1511)
	at org.testng.TestRunner.privateRun(TestRunner.java:819)
	at org.testng.TestRunner.run(TestRunner.java:619)
	at org.testng.SuiteRunner.runTest(SuiteRunner.java:443)
	at org.testng.SuiteRunner.runSequentially(SuiteRunner.java:437)
	at org.testng.SuiteRunner.privateRun(SuiteRunner.java:397)
	at org.testng.SuiteRunner.run(SuiteRunner.java:336)
	at org.testng.SuiteRunnerWorker.runSuite(SuiteRunnerWorker.java:52)
	at org.testng.SuiteRunnerWorker.run(SuiteRunnerWorker.java:95)
	at org.testng.TestNG.runSuitesSequentially(TestNG.java:1301)
	at org.testng.TestNG.runSuitesLocally(TestNG.java:1228)
	at org.testng.TestNG.runSuites(TestNG.java:1134)
	at org.testng.TestNG.run(TestNG.java:1101)
	at org.testng.remote.AbstractRemoteTestNG.run(AbstractRemoteTestNG.java:115)
	at org.testng.remote.RemoteTestNG.initAndRun(RemoteTestNG.java:251)
	at org.testng.remote.RemoteTestNG.main(RemoteTestNG.java:77)
</pre></div><a href='#' onClick='toggleBox("stack-trace381930033", this, "Click to show all stack frames", "Click to hide stack frames")'>Click to show all stack frames</a>
<div class='stack-trace' id='stack-trace381930033'><pre>org.openqa.selenium.TimeoutException: Expected condition failed: waiting for url to contain &quot;thankyou.php&quot;. Current url: &quot;https://www.tvsemerald.com/lp/tvs-emerald-luxor/?p_s=Tester_Digital&amp;se_s=Tester_Google&amp;t_s=Tester_Google%20Search&amp;ADCampaignID=21154353295&amp;AdSetID=160172621163&amp;AdID=695410883401&amp;AdPosition=&amp;matchtype=b&amp;gad_source=1&amp;gclid=Cj0KCQjwmt24BhDPARIsAJFYKk3Je-L7NQtA5f1i5vsgSqgT9-0Fi4TPWUQ8qoxKWmXnrQVkfOg6MlsaAttSEALw_wcB&amp;utm_source=Tester_newslettertesting&amp;utm_medium=Tester_socialtesting&amp;utm_campaign=saletesting&amp;utm_content=Tester_buy-nowbtntesting&amp;utm_term=Tester_testing&amp;srd=667aaeb22f31c68f1dcec8a3&quot; (tried for 20 second(s) with 500 milliseconds interval)
Build info: version: &apos;4.27.0&apos;, revision: &apos;d6e718d134&apos;
System info: os.name: &apos;Windows 11&apos;, os.arch: &apos;amd64&apos;, os.version: &apos;10.0&apos;, java.version: &apos;17.0.10&apos;
Driver info: org.openqa.selenium.chrome.ChromeDriver
Capabilities {acceptInsecureCerts: false, browserName: chrome, browserVersion: 143.0.7499.41, chrome: {chromedriverVersion: 143.0.7499.42 (24bdc8c48a0c..., userDataDir: C:\Users\SADHAM~1\AppData\L...}, fedcm:accounts: true, goog:chromeOptions: {debuggerAddress: localhost:64874}, goog:processID: 26896, networkConnectionEnabled: false, pageLoadStrategy: normal, platformName: windows, proxy: Proxy(), se:cdp: ws://localhost:64874/devtoo..., se:cdpVersion: 143.0.7499.41, setWindowRect: true, strictFileInteractability: false, timeouts: {implicit: 0, pageLoad: 300000, script: 30000}, unhandledPromptBehavior: dismiss and notify, webauthn:extension:credBlob: true, webauthn:extension:largeBlob: true, webauthn:extension:minPinLength: true, webauthn:extension:prf: true, webauthn:virtualAuthenticators: true}
Session ID: 916a621ab860f8e9568d30dce46bee18
	at org.openqa.selenium.support.ui.WebDriverWait.timeoutException(WebDriverWait.java:84)
	at org.openqa.selenium.support.ui.FluentWait.until(FluentWait.java:228)
	at tvs_website_weekly_report.Luxor.bannerForm(Luxor.java:31)
	at java.base/jdk.internal.reflect.NativeMethodAccessorImpl.invoke0(Native Method)
	at java.base/jdk.internal.reflect.NativeMethodAccessorImpl.invoke(NativeMethodAccessorImpl.java:77)
	at java.base/jdk.internal.reflect.DelegatingMethodAccessorImpl.invoke(DelegatingMethodAccessorImpl.java:43)
	at java.base/java.lang.reflect.Method.invoke(Method.java:568)
	at org.testng.internal.invokers.MethodInvocationHelper.invokeMethod(MethodInvocationHelper.java:139)
	at org.testng.internal.invokers.TestInvoker.invokeMethod(TestInvoker.java:664)
	at org.testng.internal.invokers.TestInvoker.invokeTestMethod(TestInvoker.java:228)
	at org.testng.internal.invokers.MethodRunner.runInSequence(MethodRunner.java:63)
	at org.testng.internal.invokers.TestInvoker$MethodInvocationAgent.invoke(TestInvoker.java:961)
	at org.testng.internal.invokers.TestInvoker.invokeTestMethods(TestInvoker.java:201)
	at org.testng.internal.invokers.TestMethodWorker.invokeTestMethods(TestMethodWorker.java:148)
	at org.testng.internal.invokers.TestMethodWorker.run(TestMethodWorker.java:128)
	at java.base/java.util.ArrayList.forEach(ArrayList.java:1511)
	at org.testng.TestRunner.privateRun(TestRunner.java:819)
	at org.testng.TestRunner.run(TestRunner.java:619)
	at org.testng.SuiteRunner.runTest(SuiteRunner.java:443)
	at org.testng.SuiteRunner.runSequentially(SuiteRunner.java:437)
	at org.testng.SuiteRunner.privateRun(SuiteRunner.java:397)
	at org.testng.SuiteRunner.run(SuiteRunner.java:336)
	at org.testng.SuiteRunnerWorker.runSuite(SuiteRunnerWorker.java:52)
	at org.testng.SuiteRunnerWorker.run(SuiteRunnerWorker.java:95)
	at org.testng.TestNG.runSuitesSequentially(TestNG.java:1301)
	at org.testng.TestNG.runSuitesLocally(TestNG.java:1228)
	at org.testng.TestNG.runSuites(TestNG.java:1134)
	at org.testng.TestNG.run(TestNG.java:1101)
	at org.testng.remote.AbstractRemoteTestNG.run(AbstractRemoteTestNG.java:115)
	at org.testng.remote.RemoteTestNG.initAndRun(RemoteTestNG.java:251)
	at org.testng.remote.RemoteTestNG.main(RemoteTestNG.java:77)
</pre></div></td>
<td>32</td>
<td>tvs_website_weekly_report.Luxor@1c5920df</td></tr>
<tr>
<td title='tvs_website_weekly_report.Udyana.eqnowForm()'><b>eqnowForm</b><br>Test class: tvs_website_weekly_report.Udyana<br>Parameters: https://www.tvsemerald.com/lp/tvs-emerald-udyana-phase-3/?p_s=Tester_Digital&se_s=Tester_Google&t_s=Tester_Google%20Search&ADCampaignID=21154353295&AdSetID=160172621163&AdID=695410883401&AdPosition=&matchtype=b&gad_source=1&gclid=Cj0KCQjwmt24BhDPARIsAJFYKk3Je-L7NQtA5f1i5vsgSqgT9-0Fi4TPWUQ8qoxKWmXnrQVkfOg6MlsaAttSEALw_wcB&utm_source=Tester_newslettertesting&utm_medium=Tester_socialtesting&utm_campaign=saletesting&utm_content=Tester_buy-nowbtntesting&utm_term=Tester_testing&srd=667aaeb22f31c68f1dcec8a3, Test tiputap, tiptcdusry@gmail.com, 8534332020</td>
<td><div><pre>org.openqa.selenium.ElementNotInteractableException: element not interactable
  (Session info: chrome=143.0.7499.41)
Build info: version: &apos;4.27.0&apos;, revision: &apos;d6e718d134&apos;
System info: os.name: &apos;Windows 11&apos;, os.arch: &apos;amd64&apos;, os.version: &apos;10.0&apos;, java.version: &apos;17.0.10&apos;
Driver info: org.openqa.selenium.chrome.ChromeDriver
Command: [466831f9ef818ff6cf5a8ef4fdbfb818, sendKeysToElement {value=[Ljava.lang.CharSequence;@14faa38c, id=f.A578D89761C6FCD841D9C3E6DFE230B1.d.145067098FAD7E0A167B20DE8BF90537.e.465}]
Capabilities {acceptInsecureCerts: false, browserName: chrome, browserVersion: 143.0.7499.41, chrome: {chromedriverVersion: 143.0.7499.42 (24bdc8c48a0c..., userDataDir: C:\Users\SADHAM~1\AppData\L...}, fedcm:accounts: true, goog:chromeOptions: {debuggerAddress: localhost:54900}, goog:processID: 16496, networkConnectionEnabled: false, pageLoadStrategy: normal, platformName: windows, proxy: Proxy(), se:cdp: ws://localhost:54900/devtoo..., se:cdpVersion: 143.0.7499.41, setWindowRect: true, strictFileInteractability: false, timeouts: {implicit: 0, pageLoad: 300000, script: 30000}, unhandledPromptBehavior: dismiss and notify, webauthn:extension:credBlob: true, webauthn:extension:largeBlob: true, webauthn:extension:minPinLength: true, webauthn:extension:prf: true, webauthn:virtualAuthenticators: true}
Element: [[ChromeDriver: chrome on windows (466831f9ef818ff6cf5a8ef4fdbfb818)] -&gt; xpath: (//input[@name=&apos;name&apos;])[1]]
Session ID: 466831f9ef818ff6cf5a8ef4fdbfb818
	at java.base/jdk.internal.reflect.NativeConstructorAccessorImpl.newInstance0(Native Method)
	at java.base/jdk.internal.reflect.NativeConstructorAccessorImpl.newInstance(NativeConstructorAccessorImpl.java:77)
	at java.base/jdk.internal.reflect.DelegatingConstructorAccessorImpl.newInstance(DelegatingConstructorAccessorImpl.java:45)
	at java.base/java.lang.reflect.Constructor.newInstanceWithCaller(Constructor.java:499)
	at java.base/java.lang.reflect.Constructor.newInstance(Constructor.java:480)
	at org.openqa.selenium.remote.ErrorCodec.decode(ErrorCodec.java:167)
	at org.openqa.selenium.remote.codec.w3c.W3CHttpResponseCodec.decode(W3CHttpResponseCodec.java:138)
	at org.openqa.selenium.remote.codec.w3c.W3CHttpResponseCodec.decode(W3CHttpResponseCodec.java:50)
	at org.openqa.selenium.remote.HttpCommandExecutor.execute(HttpCommandExecutor.java:190)
	at org.openqa.selenium.remote.service.DriverCommandExecutor.invokeExecute(DriverCommandExecutor.java:216)
	at org.openqa.selenium.remote.service.DriverCommandExecutor.execute(DriverCommandExecutor.java:174)
	at org.openqa.selenium.remote.RemoteWebDriver.execute(RemoteWebDriver.java:545)
	at org.openqa.selenium.remote.RemoteWebElement.execute(RemoteWebElement.java:223)
	at org.openqa.selenium.remote.RemoteWebElement.sendKeys(RemoteWebElement.java:110)
	at tvs_website_weekly_report.Udyana.eqnowForm(Udyana.java:36)
	at java.base/jdk.internal.reflect.NativeMethodAccessorImpl.invoke0(Native Method)
	at java.base/jdk.internal.reflect.NativeMethodAccessorImpl.invoke(NativeMethodAccessorImpl.java:77)
	at java.base/jdk.internal.reflect.DelegatingMethodAccessorImpl.invoke(DelegatingMethodAccessorImpl.java:43)
	at java.base/java.lang.reflect.Method.invoke(Method.java:568)
	at org.testng.internal.invokers.MethodInvocationHelper.invokeMethod(MethodInvocationHelper.java:139)
	at org.testng.internal.invokers.TestInvoker.invokeMethod(TestInvoker.java:664)
	at org.testng.internal.invokers.TestInvoker.invokeTestMethod(TestInvoker.java:228)
	at org.testng.internal.invokers.MethodRunner.runInSequence(MethodRunner.java:63)
	at org.testng.internal.invokers.TestInvoker$MethodInvocationAgent.invoke(TestInvoker.java:961)
	at org.testng.internal.invokers.TestInvoker.invokeTestMethods(TestInvoker.java:201)
	at org.testng.internal.invokers.TestMethodWorker.invokeTestMethods(TestMethodWorker.java:148)
	at org.testng.internal.invokers.TestMethodWorker.run(TestMethodWorker.java:128)
	at java.base/java.util.ArrayList.forEach(ArrayList.java:1511)
	at org.testng.TestRunner.privateRun(TestRunner.java:819)
	at org.testng.TestRunner.run(TestRunner.java:619)
	at org.testng.SuiteRunner.runTest(SuiteRunner.java:443)
	at org.testng.SuiteRunner.runSequentially(SuiteRunner.java:437)
	at org.testng.SuiteRunner.privateRun(SuiteRunner.java:397)
	at org.testng.SuiteRunner.run(SuiteRunner.java:336)
	at org.testng.SuiteRunnerWorker.runSuite(SuiteRunnerWorker.java:52)
	at org.testng.SuiteRunnerWorker.run(SuiteRunnerWorker.java:95)
	at org.testng.TestNG.runSuitesSequentially(TestNG.java:1301)
	at org.testng.TestNG.runSuitesLocally(TestNG.java:1228)
	at org.testng.TestNG.runSuites(TestNG.java:1134)
	at org.testng.TestNG.run(TestNG.java:1101)
	at org.testng.remote.AbstractRemoteTestNG.run(AbstractRemoteTestNG.java:115)
	at org.testng.remote.RemoteTestNG.initAndRun(RemoteTestNG.java:251)
	at org.testng.remote.RemoteTestNG.main(RemoteTestNG.java:77)
</pre></div><a href='#' onClick='toggleBox("stack-trace1537912396", this, "Click to show all stack frames", "Click to hide stack frames")'>Click to show all stack frames</a>
<div class='stack-trace' id='stack-trace1537912396'><pre>org.openqa.selenium.ElementNotInteractableException: element not interactable
  (Session info: chrome=143.0.7499.41)
Build info: version: &apos;4.27.0&apos;, revision: &apos;d6e718d134&apos;
System info: os.name: &apos;Windows 11&apos;, os.arch: &apos;amd64&apos;, os.version: &apos;10.0&apos;, java.version: &apos;17.0.10&apos;
Driver info: org.openqa.selenium.chrome.ChromeDriver
Command: [466831f9ef818ff6cf5a8ef4fdbfb818, sendKeysToElement {value=[Ljava.lang.CharSequence;@14faa38c, id=f.A578D89761C6FCD841D9C3E6DFE230B1.d.145067098FAD7E0A167B20DE8BF90537.e.465}]
Capabilities {acceptInsecureCerts: false, browserName: chrome, browserVersion: 143.0.7499.41, chrome: {chromedriverVersion: 143.0.7499.42 (24bdc8c48a0c..., userDataDir: C:\Users\SADHAM~1\AppData\L...}, fedcm:accounts: true, goog:chromeOptions: {debuggerAddress: localhost:54900}, goog:processID: 16496, networkConnectionEnabled: false, pageLoadStrategy: normal, platformName: windows, proxy: Proxy(), se:cdp: ws://localhost:54900/devtoo..., se:cdpVersion: 143.0.7499.41, setWindowRect: true, strictFileInteractability: false, timeouts: {implicit: 0, pageLoad: 300000, script: 30000}, unhandledPromptBehavior: dismiss and notify, webauthn:extension:credBlob: true, webauthn:extension:largeBlob: true, webauthn:extension:minPinLength: true, webauthn:extension:prf: true, webauthn:virtualAuthenticators: true}
Element: [[ChromeDriver: chrome on windows (466831f9ef818ff6cf5a8ef4fdbfb818)] -&gt; xpath: (//input[@name=&apos;name&apos;])[1]]
Session ID: 466831f9ef818ff6cf5a8ef4fdbfb818
	at java.base/jdk.internal.reflect.NativeConstructorAccessorImpl.newInstance0(Native Method)
	at java.base/jdk.internal.reflect.NativeConstructorAccessorImpl.newInstance(NativeConstructorAccessorImpl.java:77)
	at java.base/jdk.internal.reflect.DelegatingConstructorAccessorImpl.newInstance(DelegatingConstructorAccessorImpl.java:45)
	at java.base/java.lang.reflect.Constructor.newInstanceWithCaller(Constructor.java:499)
	at java.base/java.lang.reflect.Constructor.newInstance(Constructor.java:480)
	at org.openqa.selenium.remote.ErrorCodec.decode(ErrorCodec.java:167)
	at org.openqa.selenium.remote.codec.w3c.W3CHttpResponseCodec.decode(W3CHttpResponseCodec.java:138)
	at org.openqa.selenium.remote.codec.w3c.W3CHttpResponseCodec.decode(W3CHttpResponseCodec.java:50)
	at org.openqa.selenium.remote.HttpCommandExecutor.execute(HttpCommandExecutor.java:190)
	at org.openqa.selenium.remote.service.DriverCommandExecutor.invokeExecute(DriverCommandExecutor.java:216)
	at org.openqa.selenium.remote.service.DriverCommandExecutor.execute(DriverCommandExecutor.java:174)
	at org.openqa.selenium.remote.RemoteWebDriver.execute(RemoteWebDriver.java:545)
	at org.openqa.selenium.remote.RemoteWebElement.execute(RemoteWebElement.java:223)
	at org.openqa.selenium.remote.RemoteWebElement.sendKeys(RemoteWebElement.java:110)
	at tvs_website_weekly_report.Udyana.eqnowForm(Udyana.java:36)
	at java.base/jdk.internal.reflect.NativeMethodAccessorImpl.invoke0(Native Method)
	at java.base/jdk.internal.reflect.NativeMethodAccessorImpl.invoke(NativeMethodAccessorImpl.java:77)
	at java.base/jdk.internal.reflect.DelegatingMethodAccessorImpl.invoke(DelegatingMethodAccessorImpl.java:43)
	at java.base/java.lang.reflect.Method.invoke(Method.java:568)
	at org.testng.internal.invokers.MethodInvocationHelper.invokeMethod(MethodInvocationHelper.java:139)
	at org.testng.internal.invokers.TestInvoker.invokeMethod(TestInvoker.java:664)
	at org.testng.internal.invokers.TestInvoker.invokeTestMethod(TestInvoker.java:228)
	at org.testng.internal.invokers.MethodRunner.runInSequence(MethodRunner.java:63)
	at org.testng.internal.invokers.TestInvoker$MethodInvocationAgent.invoke(TestInvoker.java:961)
	at org.testng.internal.invokers.TestInvoker.invokeTestMethods(TestInvoker.java:201)
	at org.testng.internal.invokers.TestMethodWorker.invokeTestMethods(TestMethodWorker.java:148)
	at org.testng.internal.invokers.TestMethodWorker.run(TestMethodWorker.java:128)
	at java.base/java.util.ArrayList.forEach(ArrayList.java:1511)
	at org.testng.TestRunner.privateRun(TestRunner.java:819)
	at org.testng.TestRunner.run(TestRunner.java:619)
	at org.testng.SuiteRunner.runTest(SuiteRunner.java:443)
	at org.testng.SuiteRunner.runSequentially(SuiteRunner.java:437)
	at org.testng.SuiteRunner.privateRun(SuiteRunner.java:397)
	at org.testng.SuiteRunner.run(SuiteRunner.java:336)
	at org.testng.SuiteRunnerWorker.runSuite(SuiteRunnerWorker.java:52)
	at org.testng.SuiteRunnerWorker.run(SuiteRunnerWorker.java:95)
	at org.testng.TestNG.runSuitesSequentially(TestNG.java:1301)
	at org.testng.TestNG.runSuitesLocally(TestNG.java:1228)
	at org.testng.TestNG.runSuites(TestNG.java:1134)
	at org.testng.TestNG.run(TestNG.java:1101)
	at org.testng.remote.AbstractRemoteTestNG.run(AbstractRemoteTestNG.java:115)
	at org.testng.remote.RemoteTestNG.initAndRun(RemoteTestNG.java:251)
	at org.testng.remote.RemoteTestNG.main(RemoteTestNG.java:77)
</pre></div></td>
<td>29</td>
<td>tvs_website_weekly_report.Udyana@350aac89</td></tr>
</table><p>
<table width='100%' border='1' class='invocation-passed'>
<tr><td colspan='4' align='center'><b>PASSED TESTS</b></td></tr>
<tr><td><b>Test method</b></td>
<td><b>Attribute(s)</b></td>
<td width="30%"><b>Exception</b></td>
<td width="10%"><b>Time (seconds)</b></td>
<td><b>Instance</b></td>
</tr>
<tr>
<td title='tvs_website_weekly_report.SereneSprings.siteVisitForm()'><b>siteVisitForm</b><br>Test class: tvs_website_weekly_report.SereneSprings<br>Parameters: https://www.tvsemerald.com/lp/tvs-emerald-serene-springs/?p_s=Tester_Digital&se_s=Tester_Google&t_s=Tester_Google%20Search&ADCampaignID=21154353295&AdSetID=160172621163&AdID=695410883401&AdPosition=&matchtype=b&gad_source=1&gclid=Cj0KCQjwmt24BhDPARIsAJFYKk3Je-L7NQtA5f1i5vsgSqgT9-0Fi4TPWUQ8qoxKWmXnrQVkfOg6MlsaAttSEALw_wcB&utm_source=Tester_newslettertesting&utm_medium=Tester_socialtesting&utm_campaign=saletesting&utm_content=Tester_buy-nowbtntesting&utm_term=Tester_testing&srd=667aaeb22f31c68f1dcec8a3, Test tiputap, tiptcdusry@gmail.com, 8534332020</td>
<td></td>
<td>28</td>
<td>tvs_website_weekly_report.SereneSprings@196a42c3</td></tr>
<tr>
<td title='tvs_website_weekly_report.VerdeVista.bannerForms()'><b>bannerForms</b><br>Test class: tvs_website_weekly_report.VerdeVista<br>Parameters: https://www.tvsemerald.com/lp/tvs-emerald-verde-vista/?p_s=Tester_Digital&se_s=Tester_Google&t_s=Tester_Google%20Search&ADCampaignID=21154353295&AdSetID=160172621163&AdID=695410883401&AdPosition=&matchtype=b&gad_source=1&gclid=Cj0KCQjwmt24BhDPARIsAJFYKk3Je-L7NQtA5f1i5vsgSqgT9-0Fi4TPWUQ8qoxKWmXnrQVkfOg6MlsaAttSEALw_wcB&utm_source=Tester_newslettertesting&utm_medium=Tester_socialtesting&utm_campaign=saletesting&utm_content=Tester_buy-nowbtntesting&utm_term=Tester_testing&srd=667aaeb22f31c68f1dcec8a3, Test tiputap, tiptcdusry@gmail.com, 8534332020</td>
<td></td>
<td>24</td>
<td>tvs_website_weekly_report.VerdeVista@4c60d6e9</td></tr>
<tr>
<td title='tvs_website_weekly_report.Cascadia.bannerForms()'><b>bannerForms</b><br>Test class: tvs_website_weekly_report.Cascadia<br>Parameters: https://www.tvsemerald.com/lp/tvs-emerald-cascadia/?p_s=Tester_Digital&se_s=Tester_Google&t_s=Tester_Google%20Search&ADCampaignID=21154353295&AdSetID=160172621163&AdID=695410883401&AdPosition=&matchtype=b&gad_source=1&gclid=Cj0KCQjwmt24BhDPARIsAJFYKk3Je-L7NQtA5f1i5vsgSqgT9-0Fi4TPWUQ8qoxKWmXnrQVkfOg6MlsaAttSEALw_wcB&utm_source=Tester_newslettertesting&utm_medium=Tester_socialtesting&utm_campaign=saletesting&utm_content=Tester_buy-nowbtntesting&utm_term=Tester_testing&srd=667aaeb22f31c68f1dcec8a3, Test tiputap, tiptcdusry@gmail.com, 8534332020</td>
<td></td>
<td>23</td>
<td>tvs_website_weekly_report.Cascadia@79e4c792</td></tr>
<tr>
<td title='tvs_website_weekly_report.ProjectPage.testProjectPage()'><b>testProjectPage</b><br>Test class: tvs_website_weekly_report.ProjectPage<br>Parameters: https://www.tvsemerald.com/projects/tvs-emerald-auralis/, Test tiputap, tiptcdusry@gmail.com, 8534332020</td>
<td></td>
<td>23</td>
<td>tvs_website_weekly_report.ProjectPage@1ca3b418</td></tr>
<tr>
<td title='tvs_website_weekly_report.ContactUsPage.testContactUs()'><b>testContactUs</b><br>Test class: tvs_website_weekly_report.ContactUsPage<br>Parameters: https://www.tvsemerald.com/contact-us/?p_s=Tester_Digital&se_s=Tester_Google&t_s=Tester_Google%20Search&ADCampaignID=21154353295&AdSetID=160172621163&AdID=695410883401&AdPosition=&matchtype=b&gad_source=1&gclid=Cj0KCQjwmt24BhDPARIsAJFYKk3Je-L7NQtA5f1i5vsgSqgT9-0Fi4TPWUQ8qoxKWmXnrQVkfOg6MlsaAttSEALw_wcB&utm_source=Tester_newslettertesting&utm_medium=Tester_socialtesting&utm_campaign=saletesting&utm_content=Tester_buy-nowbtntesting&utm_term=Tester_testing&srd=667aaeb22f31c68f1dcec8a3, Test tiputap, tiptcdusry@gmail.com, 8534332020</td>
<td></td>
<td>18</td>
<td>tvs_website_weekly_report.ContactUsPage@75437611</td></tr>
<tr>
<td title='tvs_website_weekly_report.Luxor_AnnaNagar.bannerForm()'><b>bannerForm</b><br>Test class: tvs_website_weekly_report.Luxor_AnnaNagar<br>Parameters: https://www.tvsemerald.com/lp/tvs-emerald-luxor/anna-nagar/?p_s=Tester_Digital&se_s=Tester_Google&t_s=Tester_Google%20Search&ADCampaignID=21154353295&AdSetID=160172621163&AdID=695410883401&AdPosition=&matchtype=b&gad_source=1&gclid=Cj0KCQjwmt24BhDPARIsAJFYKk3Je-L7NQtA5f1i5vsgSqgT9-0Fi4TPWUQ8qoxKWmXnrQVkfOg6MlsaAttSEALw_wcB&utm_source=Tester_newslettertesting&utm_medium=Tester_socialtesting&utm_campaign=saletesting&utm_content=Tester_buy-nowbtntesting&utm_term=Tester_testing&srd=667aaeb22f31c68f1dcec8a3, Test tiputap, tiptcdusry@gmail.com, 8534332020</td>
<td></td>
<td>18</td>
<td>tvs_website_weekly_report.Luxor_AnnaNagar@17f9d882</td></tr>
<tr>
<td title='tvs_website_weekly_report.Auralis.bannerForm()'><b>bannerForm</b><br>Test class: tvs_website_weekly_report.Auralis<br>Parameters: https://www.tvsemerald.com/lp/tvs-emerald-auralis/?p_s=Tester_Digital&se_s=Tester_Google&t_s=Tester_Google%20Search&ADCampaignID=21154353295&AdSetID=160172621163&AdID=695410883401&AdPosition=&matchtype=b&gad_source=1&gclid=Cj0KCQjwmt24BhDPARIsAJFYKk3Je-L7NQtA5f1i5vsgSqgT9-0Fi4TPWUQ8qoxKWmXnrQVkfOg6MlsaAttSEALw_wcB&utm_source=Tester_newslettertesting&utm_medium=Tester_socialtesting&utm_campaign=saletesting&utm_content=Tester_buy-nowbtntesting&utm_term=Tester_testing&srd=667aaeb22f31c68f1dcec8a3, Test tiputap, tiptcdusry@gmail.com, 8534332020</td>
<td></td>
<td>28</td>
<td>tvs_website_weekly_report.Auralis@15043a2f</td></tr>
</table><p>
</body>
</html>