<!DOCTYPE html PUBLIC "-//W3C//DTD XHTML 1.1//EN" "https://www.w3.org/TR/xhtml11/DTD/xhtml11.dtd">
<html xmlns="https://www.w3.org/1999/xhtml">
<head>
<meta http-equiv="content-type" content="text/html; charset=UTF-8"/>
<title>TestNG Report</title>
<style type="text/css">table {margin-bottom:10px;border-collapse:collapse;empty-cells:show}th,td {border:1px solid #009;padding:.25em .5em}th {vertical-align:bottom}td {vertical-align:top}table a {font-weight:bold}.stripe td {background-color: #E6EBF9}.num {text-align:right}.passedodd td {background-color: #3F3}.passedeven td {background-color: #0A0}.skippedodd td {background-color: #DDD}.skippedeven td {background-color: #CCC}.failedodd td,.attn {background-color: #F33}.failedeven td,.stripe .attn {background-color: #D00}.stacktrace {white-space:pre;font-family:monospace}.totop {font-size:85%;text-align:center;border-bottom:2px solid #000}.invisible {display:none}</style>
</head>
<body>
<table>
<tr><th>Test</th><th># Passed</th><th># Skipped</th><th># Retried</th><th># Failed</th><th>Time (ms)</th><th>Included Groups</th><th>Excluded Groups</th></tr>
<tr><th colspan="8">TVS Website Suite</th></tr>
<tr><td><a href="#t0">Sequential Execution</a></td><td class="num">7</td><td class="num">0</td><td class="num">0</td><td class="num attn">2</td><td class="num">226,636</td><td></td><td></td></tr>
</table>
<table id='summary'><thead><tr><th>Class</th><th>Method</th><th>Start</th><th>Time (ms)</th></tr></thead><tbody><tr><th colspan="4">TVS Website Suite</th></tr></tbody><tbody id="t0"><tr><th colspan="4">Sequential Execution &#8212; failed</th></tr><tr class="failedeven"><td rowspan="1">tvs_website_weekly_report.Luxor</td><td><a href="#m0">bannerForm</a></td><td rowspan="1">1765869565832</td><td rowspan="1">32360</td></tr><tr class="failedodd"><td rowspan="1">tvs_website_weekly_report.Udyana</td><td><a href="#m1">eqnowForm</a></td><td rowspan="1">1765869536673</td><td rowspan="1">29149</td></tr><tr><th colspan="4">Sequential Execution &#8212; passed</th></tr><tr class="passedeven"><td rowspan="1">tvs_website_weekly_report.Auralis</td><td><a href="#m2">bannerForm</a></td><td rowspan="1">1765869692701</td><td rowspan="1">28547</td></tr><tr class="passedodd"><td rowspan="1">tvs_website_weekly_report.Cascadia</td><td><a href="#m3">bannerForms</a></td><td rowspan="1">1765869616320</td><td rowspan="1">23565</td></tr><tr class="passedeven"><td rowspan="1">tvs_website_weekly_report.ContactUsPage</td><td><a href="#m4">testContactUs</a></td><td rowspan="1">1765869518255</td><td rowspan="1">18415</td></tr><tr class="passedodd"><td rowspan="1">tvs_website_weekly_report.Luxor_AnnaNagar</td><td><a href="#m5">bannerForm</a></td><td rowspan="1">1765869598201</td><td rowspan="1">18110</td></tr><tr class="passedeven"><td rowspan="1">tvs_website_weekly_report.ProjectPage</td><td><a href="#m6">testProjectPage</a></td><td rowspan="1">1765869494663</td><td rowspan="1">23585</td></tr><tr class="passedodd"><td rowspan="1">tvs_website_weekly_report.SereneSprings</td><td><a href="#m7">siteVisitForm</a></td><td rowspan="1">1765869639891</td><td rowspan="1">28740</td></tr><tr class="passedeven"><td rowspan="1">tvs_website_weekly_report.VerdeVista</td><td><a href="#m8">bannerForms</a></td><td rowspan="1">1765869668641</td><td rowspan="1">24056</td></tr></tbody>
</table>
<h2>Sequential Execution</h2><h3 id="m0">tvs_website_weekly_report.Luxor#bannerForm</h3><table class="result"><tr class="param"><th>Parameter #1</th><th>Parameter #2</th><th>Parameter #3</th><th>Parameter #4</th></tr><tr class="param stripe"><td>https://www.tvsemerald.com/lp/tvs-emerald-luxor/?p_s=Tester_Digital&amp;se_s=Tester_Google&amp;t_s=Tester_Google%20Search&amp;ADCampaignID=21154353295&amp;AdSetID=160172621163&amp;AdID=695410883401&amp;AdPosition=&amp;matchtype=b&amp;gad_source=1&amp;gclid=Cj0KCQjwmt24BhDPARIsAJFYKk3Je-L7NQtA5f1i5vsgSqgT9-0Fi4TPWUQ8qoxKWmXnrQVkfOg6MlsaAttSEALw_wcB&amp;utm_source=Tester_newslettertesting&amp;utm_medium=Tester_socialtesting&amp;utm_campaign=saletesting&amp;utm_content=Tester_buy-nowbtntesting&amp;utm_term=Tester_testing&amp;srd=667aaeb22f31c68f1dcec8a3</td><td>Test tiputap</td><td>tiptcdusry@gmail.com</td><td>8534332020</td></tr><tr><th colspan="4">Exception</th></tr><tr><td colspan="4"><div class="stacktrace">org.openqa.selenium.TimeoutException: Expected condition failed: waiting for url to contain &quot;thankyou.php&quot;. Current url: &quot;https://www.tvsemerald.com/lp/tvs-emerald-luxor/?p_s=Tester_Digital&amp;se_s=Tester_Google&amp;t_s=Tester_Google%20Search&amp;ADCampaignID=21154353295&amp;AdSetID=160172621163&amp;AdID=695410883401&amp;AdPosition=&amp;matchtype=b&amp;gad_source=1&amp;gclid=Cj0KCQjwmt24BhDPARIsAJFYKk3Je-L7NQtA5f1i5vsgSqgT9-0Fi4TPWUQ8qoxKWmXnrQVkfOg6MlsaAttSEALw_wcB&amp;utm_source=Tester_newslettertesting&amp;utm_medium=Tester_socialtesting&amp;utm_campaign=saletesting&amp;utm_content=Tester_buy-nowbtntesting&amp;utm_term=Tester_testing&amp;srd=667aaeb22f31c68f1dcec8a3&quot; (tried for 20 second(s) with 500 milliseconds interval)
Build info: version: &apos;4.27.0&apos;, revision: &apos;d6e718d134&apos;
System info: os.name: &apos;Windows 11&apos;, os.arch: &apos;amd64&apos;, os.version: &apos;10.0&apos;, java.version: &apos;17.0.10&apos;
Driver info: org.openqa.selenium.chrome.ChromeDriver
Capabilities {acceptInsecureCerts: false, browserName: chrome, browserVersion: 143.0.7499.41, chrome: {chromedriverVersion: 143.0.7499.42 (24bdc8c48a0c..., userDataDir: C:\Users\SADHAM~1\AppData\L...}, fedcm:accounts: true, goog:chromeOptions: {debuggerAddress: localhost:64874}, goog:processID: 26896, networkConnectionEnabled: false, pageLoadStrategy: normal, platformName: windows, proxy: Proxy(), se:cdp: ws://localhost:64874/devtoo..., se:cdpVersion: 143.0.7499.41, setWindowRect: true, strictFileInteractability: false, timeouts: {implicit: 0, pageLoad: 300000, script: 30000}, unhandledPromptBehavior: dismiss and notify, webauthn:extension:credBlob: true, webauthn:extension:largeBlob: true, webauthn:extension:minPinLength: true, webauthn:extension:prf: true, webauthn:virtualAuthenticators: true}
Session ID: 916a621ab860f8e9568d30dce46bee18
	at org.openqa.selenium.support.ui.WebDriverWait.timeoutException(WebDriverWait.java:84)
	at org.openqa.selenium.support.ui.FluentWait.until(FluentWait.java:228)
	at tvs_website_weekly_report.Luxor.bannerForm(Luxor.java:31)
	at java.base/jdk.internal.reflect.NativeMethodAccessorImpl.invoke0(Native Method)
	at java.base/jdk.internal.reflect.NativeMethodAccessorImpl.invoke(NativeMethodAccessorImpl.java:77)
	at java.base/jdk.internal.reflect.DelegatingMethodAccessorImpl.invoke(DelegatingMethodAccessorImpl.java:43)
	at java.base/java.lang.reflect.Method.invoke(Method.java:568)
	at org.testng.internal.invokers.MethodInvocationHelper.invokeMethod(MethodInvocationHelper.java:139)
	at org.testng.internal.invokers.TestInvoker.invokeMethod(TestInvoker.java:664)
	at org.testng.internal.invokers.TestInvoker.invokeTestMethod(TestInvoker.java:228)
	at org.testng.internal.invokers.MethodRunner.runInSequence(MethodRunner.java:63)
	at org.testng.internal.invokers.TestInvoker$MethodInvocationAgent.invoke(TestInvoker.java:961)
	at org.testng.internal.invokers.TestInvoker.invokeTestMethods(TestInvoker.java:201)
	at org.testng.internal.invokers.TestMethodWorker.invokeTestMethods(TestMethodWorker.java:148)
	at org.testng.internal.invokers.TestMethodWorker.run(TestMethodWorker.java:128)
	at java.base/java.util.ArrayList.forEach(ArrayList.java:1511)
	at org.testng.TestRunner.privateRun(TestRunner.java:819)
	at org.testng.TestRunner.run(TestRunner.java:619)
	at org.testng.SuiteRunner.runTest(SuiteRunner.java:443)
	at org.testng.SuiteRunner.runSequentially(SuiteRunner.java:437)
	at org.testng.SuiteRunner.privateRun(SuiteRunner.java:397)
	at org.testng.SuiteRunner.run(SuiteRunner.java:336)
	at org.testng.SuiteRunnerWorker.runSuite(SuiteRunnerWorker.java:52)
	at org.testng.SuiteRunnerWorker.run(SuiteRunnerWorker.java:95)
	at org.testng.TestNG.runSuitesSequentially(TestNG.java:1301)
	at org.testng.TestNG.runSuitesLocally(TestNG.java:1228)
	at org.testng.TestNG.runSuites(TestNG.java:1134)
	at org.testng.TestNG.run(TestNG.java:1101)
	at org.testng.remote.AbstractRemoteTestNG.run(AbstractRemoteTestNG.java:115)
	at org.testng.remote.RemoteTestNG.initAndRun(RemoteTestNG.java:251)
	at org.testng.remote.RemoteTestNG.main(RemoteTestNG.java:77)
</div></td></tr></table><p class="totop"><a href="#summary">back to summary</a></p>
<h3 id="m1">tvs_website_weekly_report.Udyana#eqnowForm</h3><table class="result"><tr class="param"><th>Parameter #1</th><th>Parameter #2</th><th>Parameter #3</th><th>Parameter #4</th></tr><tr class="param stripe"><td>https://www.tvsemerald.com/lp/tvs-emerald-udyana-phase-3/?p_s=Tester_Digital&amp;se_s=Tester_Google&amp;t_s=Tester_Google%20Search&amp;ADCampaignID=21154353295&amp;AdSetID=160172621163&amp;AdID=695410883401&amp;AdPosition=&amp;matchtype=b&amp;gad_source=1&amp;gclid=Cj0KCQjwmt24BhDPARIsAJFYKk3Je-L7NQtA5f1i5vsgSqgT9-0Fi4TPWUQ8qoxKWmXnrQVkfOg6MlsaAttSEALw_wcB&amp;utm_source=Tester_newslettertesting&amp;utm_medium=Tester_socialtesting&amp;utm_campaign=saletesting&amp;utm_content=Tester_buy-nowbtntesting&amp;utm_term=Tester_testing&amp;srd=667aaeb22f31c68f1dcec8a3</td><td>Test tiputap</td><td>tiptcdusry@gmail.com</td><td>8534332020</td></tr><tr><th colspan="4">Exception</th></tr><tr><td colspan="4"><div class="stacktrace">org.openqa.selenium.ElementNotInteractableException: element not interactable
  (Session info: chrome=143.0.7499.41)
Build info: version: &apos;4.27.0&apos;, revision: &apos;d6e718d134&apos;
System info: os.name: &apos;Windows 11&apos;, os.arch: &apos;amd64&apos;, os.version: &apos;10.0&apos;, java.version: &apos;17.0.10&apos;
Driver info: org.openqa.selenium.chrome.ChromeDriver
Command: [466831f9ef818ff6cf5a8ef4fdbfb818, sendKeysToElement {value=[Ljava.lang.CharSequence;@14faa38c, id=f.A578D89761C6FCD841D9C3E6DFE230B1.d.145067098FAD7E0A167B20DE8BF90537.e.465}]
Capabilities {acceptInsecureCerts: false, browserName: chrome, browserVersion: 143.0.7499.41, chrome: {chromedriverVersion: 143.0.7499.42 (24bdc8c48a0c..., userDataDir: C:\Users\SADHAM~1\AppData\L...}, fedcm:accounts: true, goog:chromeOptions: {debuggerAddress: localhost:54900}, goog:processID: 16496, networkConnectionEnabled: false, pageLoadStrategy: normal, platformName: windows, proxy: Proxy(), se:cdp: ws://localhost:54900/devtoo..., se:cdpVersion: 143.0.7499.41, setWindowRect: true, strictFileInteractability: false, timeouts: {implicit: 0, pageLoad: 300000, script: 30000}, unhandledPromptBehavior: dismiss and notify, webauthn:extension:credBlob: true, webauthn:extension:largeBlob: true, webauthn:extension:minPinLength: true, webauthn:extension:prf: true, webauthn:virtualAuthenticators: true}
Element: [[ChromeDriver: chrome on windows (466831f9ef818ff6cf5a8ef4fdbfb818)] -&gt; xpath: (//input[@name=&apos;name&apos;])[1]]
Session ID: 466831f9ef818ff6cf5a8ef4fdbfb818
	at java.base/jdk.internal.reflect.NativeConstructorAccessorImpl.newInstance0(Native Method)
	at java.base/jdk.internal.reflect.NativeConstructorAccessorImpl.newInstance(NativeConstructorAccessorImpl.java:77)
	at java.base/jdk.internal.reflect.DelegatingConstructorAccessorImpl.newInstance(DelegatingConstructorAccessorImpl.java:45)
	at java.base/java.lang.reflect.Constructor.newInstanceWithCaller(Constructor.java:499)
	at java.base/java.lang.reflect.Constructor.newInstance(Constructor.java:480)
	at org.openqa.selenium.remote.ErrorCodec.decode(ErrorCodec.java:167)
	at org.openqa.selenium.remote.codec.w3c.W3CHttpResponseCodec.decode(W3CHttpResponseCodec.java:138)
	at org.openqa.selenium.remote.codec.w3c.W3CHttpResponseCodec.decode(W3CHttpResponseCodec.java:50)
	at org.openqa.selenium.remote.HttpCommandExecutor.execute(HttpCommandExecutor.java:190)
	at org.openqa.selenium.remote.service.DriverCommandExecutor.invokeExecute(DriverCommandExecutor.java:216)
	at org.openqa.selenium.remote.service.DriverCommandExecutor.execute(DriverCommandExecutor.java:174)
	at org.openqa.selenium.remote.RemoteWebDriver.execute(RemoteWebDriver.java:545)
	at org.openqa.selenium.remote.RemoteWebElement.execute(RemoteWebElement.java:223)
	at org.openqa.selenium.remote.RemoteWebElement.sendKeys(RemoteWebElement.java:110)
	at tvs_website_weekly_report.Udyana.eqnowForm(Udyana.java:36)
	at java.base/jdk.internal.reflect.NativeMethodAccessorImpl.invoke0(Native Method)
	at java.base/jdk.internal.reflect.NativeMethodAccessorImpl.invoke(NativeMethodAccessorImpl.java:77)
	at java.base/jdk.internal.reflect.DelegatingMethodAccessorImpl.invoke(DelegatingMethodAccessorImpl.java:43)
	at java.base/java.lang.reflect.Method.invoke(Method.java:568)
	at org.testng.internal.invokers.MethodInvocationHelper.invokeMethod(MethodInvocationHelper.java:139)
	at org.testng.internal.invokers.TestInvoker.invokeMethod(TestInvoker.java:664)
	at org.testng.internal.invokers.TestInvoker.invokeTestMethod(TestInvoker.java:228)
	at org.testng.internal.invokers.MethodRunner.runInSequence(MethodRunner.java:63)
	at org.testng.internal.invokers.TestInvoker$MethodInvocationAgent.invoke(TestInvoker.java:961)
	at org.testng.internal.invokers.TestInvoker.invokeTestMethods(TestInvoker.java:201)
	at org.testng.internal.invokers.TestMethodWorker.invokeTestMethods(TestMethodWorker.java:148)
	at org.testng.internal.invokers.TestMethodWorker.run(TestMethodWorker.java:128)
	at java.base/java.util.ArrayList.forEach(ArrayList.java:1511)
	at org.testng.TestRunner.privateRun(TestRunner.java:819)
	at org.testng.TestRunner.run(TestRunner.java:619)
	at org.testng.SuiteRunner.runTest(SuiteRunner.java:443)
	at org.testng.SuiteRunner.runSequentially(SuiteRunner.java:437)
	at org.testng.SuiteRunner.privateRun(SuiteRunner.java:397)
	at org.testng.SuiteRunner.run(SuiteRunner.java:336)
	at org.testng.SuiteRunnerWorker.runSuite(SuiteRunnerWorker.java:52)
	at org.testng.SuiteRunnerWorker.run(SuiteRunnerWorker.java:95)
	at org.testng.TestNG.runSuitesSequentially(TestNG.java:1301)
	at org.testng.TestNG.runSuitesLocally(TestNG.java:1228)
	at org.testng.TestNG.runSuites(TestNG.java:1134)
	at org.testng.TestNG.run(TestNG.java:1101)
	at org.testng.remote.AbstractRemoteTestNG.run(AbstractRemoteTestNG.java:115)
	at org.testng.remote.RemoteTestNG.initAndRun(RemoteTestNG.java:251)
	at org.testng.remote.RemoteTestNG.main(RemoteTestNG.java:77)
</div></td></tr></table><p class="totop"><a href="#summary">back to summary</a></p>
<h3 id="m2">tvs_website_weekly_report.Auralis#bannerForm</h3><table class="result"><tr class="param"><th>Parameter #1</th><th>Parameter #2</th><th>Parameter #3</th><th>Parameter #4</th></tr><tr class="param stripe"><td>https://www.tvsemerald.com/lp/tvs-emerald-auralis/?p_s=Tester_Digital&amp;se_s=Tester_Google&amp;t_s=Tester_Google%20Search&amp;ADCampaignID=21154353295&amp;AdSetID=160172621163&amp;AdID=695410883401&amp;AdPosition=&amp;matchtype=b&amp;gad_source=1&amp;gclid=Cj0KCQjwmt24BhDPARIsAJFYKk3Je-L7NQtA5f1i5vsgSqgT9-0Fi4TPWUQ8qoxKWmXnrQVkfOg6MlsaAttSEALw_wcB&amp;utm_source=Tester_newslettertesting&amp;utm_medium=Tester_socialtesting&amp;utm_campaign=saletesting&amp;utm_content=Tester_buy-nowbtntesting&amp;utm_term=Tester_testing&amp;srd=667aaeb22f31c68f1dcec8a3</td><td>Test tiputap</td><td>tiptcdusry@gmail.com</td><td>8534332020</td></tr></table><p class="totop"><a href="#summary">back to summary</a></p>
<h3 id="m3">tvs_website_weekly_report.Cascadia#bannerForms</h3><table class="result"><tr class="param"><th>Parameter #1</th><th>Parameter #2</th><th>Parameter #3</th><th>Parameter #4</th></tr><tr class="param stripe"><td>https://www.tvsemerald.com/lp/tvs-emerald-cascadia/?p_s=Tester_Digital&amp;se_s=Tester_Google&amp;t_s=Tester_Google%20Search&amp;ADCampaignID=21154353295&amp;AdSetID=160172621163&amp;AdID=695410883401&amp;AdPosition=&amp;matchtype=b&amp;gad_source=1&amp;gclid=Cj0KCQjwmt24BhDPARIsAJFYKk3Je-L7NQtA5f1i5vsgSqgT9-0Fi4TPWUQ8qoxKWmXnrQVkfOg6MlsaAttSEALw_wcB&amp;utm_source=Tester_newslettertesting&amp;utm_medium=Tester_socialtesting&amp;utm_campaign=saletesting&amp;utm_content=Tester_buy-nowbtntesting&amp;utm_term=Tester_testing&amp;srd=667aaeb22f31c68f1dcec8a3</td><td>Test tiputap</td><td>tiptcdusry@gmail.com</td><td>8534332020</td></tr></table><p class="totop"><a href="#summary">back to summary</a></p>
<h3 id="m4">tvs_website_weekly_report.ContactUsPage#testContactUs</h3><table class="result"><tr class="param"><th>Parameter #1</th><th>Parameter #2</th><th>Parameter #3</th><th>Parameter #4</th></tr><tr class="param stripe"><td>https://www.tvsemerald.com/contact-us/?p_s=Tester_Digital&amp;se_s=Tester_Google&amp;t_s=Tester_Google%20Search&amp;ADCampaignID=21154353295&amp;AdSetID=160172621163&amp;AdID=695410883401&amp;AdPosition=&amp;matchtype=b&amp;gad_source=1&amp;gclid=Cj0KCQjwmt24BhDPARIsAJFYKk3Je-L7NQtA5f1i5vsgSqgT9-0Fi4TPWUQ8qoxKWmXnrQVkfOg6MlsaAttSEALw_wcB&amp;utm_source=Tester_newslettertesting&amp;utm_medium=Tester_socialtesting&amp;utm_campaign=saletesting&amp;utm_content=Tester_buy-nowbtntesting&amp;utm_term=Tester_testing&amp;srd=667aaeb22f31c68f1dcec8a3</td><td>Test tiputap</td><td>tiptcdusry@gmail.com</td><td>8534332020</td></tr></table><p class="totop"><a href="#summary">back to summary</a></p>
<h3 id="m5">tvs_website_weekly_report.Luxor_AnnaNagar#bannerForm</h3><table class="result"><tr class="param"><th>Parameter #1</th><th>Parameter #2</th><th>Parameter #3</th><th>Parameter #4</th></tr><tr class="param stripe"><td>https://www.tvsemerald.com/lp/tvs-emerald-luxor/anna-nagar/?p_s=Tester_Digital&amp;se_s=Tester_Google&amp;t_s=Tester_Google%20Search&amp;ADCampaignID=21154353295&amp;AdSetID=160172621163&amp;AdID=695410883401&amp;AdPosition=&amp;matchtype=b&amp;gad_source=1&amp;gclid=Cj0KCQjwmt24BhDPARIsAJFYKk3Je-L7NQtA5f1i5vsgSqgT9-0Fi4TPWUQ8qoxKWmXnrQVkfOg6MlsaAttSEALw_wcB&amp;utm_source=Tester_newslettertesting&amp;utm_medium=Tester_socialtesting&amp;utm_campaign=saletesting&amp;utm_content=Tester_buy-nowbtntesting&amp;utm_term=Tester_testing&amp;srd=667aaeb22f31c68f1dcec8a3</td><td>Test tiputap</td><td>tiptcdusry@gmail.com</td><td>8534332020</td></tr></table><p class="totop"><a href="#summary">back to summary</a></p>
<h3 id="m6">tvs_website_weekly_report.ProjectPage#testProjectPage</h3><table class="result"><tr class="param"><th>Parameter #1</th><th>Parameter #2</th><th>Parameter #3</th><th>Parameter #4</th></tr><tr class="param stripe"><td>https://www.tvsemerald.com/projects/tvs-emerald-auralis/</td><td>Test tiputap</td><td>tiptcdusry@gmail.com</td><td>8534332020</td></tr></table><p class="totop"><a href="#summary">back to summary</a></p>
<h3 id="m7">tvs_website_weekly_report.SereneSprings#siteVisitForm</h3><table class="result"><tr class="param"><th>Parameter #1</th><th>Parameter #2</th><th>Parameter #3</th><th>Parameter #4</th></tr><tr class="param stripe"><td>https://www.tvsemerald.com/lp/tvs-emerald-serene-springs/?p_s=Tester_Digital&amp;se_s=Tester_Google&amp;t_s=Tester_Google%20Search&amp;ADCampaignID=21154353295&amp;AdSetID=160172621163&amp;AdID=695410883401&amp;AdPosition=&amp;matchtype=b&amp;gad_source=1&amp;gclid=Cj0KCQjwmt24BhDPARIsAJFYKk3Je-L7NQtA5f1i5vsgSqgT9-0Fi4TPWUQ8qoxKWmXnrQVkfOg6MlsaAttSEALw_wcB&amp;utm_source=Tester_newslettertesting&amp;utm_medium=Tester_socialtesting&amp;utm_campaign=saletesting&amp;utm_content=Tester_buy-nowbtntesting&amp;utm_term=Tester_testing&amp;srd=667aaeb22f31c68f1dcec8a3</td><td>Test tiputap</td><td>tiptcdusry@gmail.com</td><td>8534332020</td></tr></table><p class="totop"><a href="#summary">back to summary</a></p>
<h3 id="m8">tvs_website_weekly_report.VerdeVista#bannerForms</h3><table class="result"><tr class="param"><th>Parameter #1</th><th>Parameter #2</th><th>Parameter #3</th><th>Parameter #4</th></tr><tr class="param stripe"><td>https://www.tvsemerald.com/lp/tvs-emerald-verde-vista/?p_s=Tester_Digital&amp;se_s=Tester_Google&amp;t_s=Tester_Google%20Search&amp;ADCampaignID=21154353295&amp;AdSetID=160172621163&amp;AdID=695410883401&amp;AdPosition=&amp;matchtype=b&amp;gad_source=1&amp;gclid=Cj0KCQjwmt24BhDPARIsAJFYKk3Je-L7NQtA5f1i5vsgSqgT9-0Fi4TPWUQ8qoxKWmXnrQVkfOg6MlsaAttSEALw_wcB&amp;utm_source=Tester_newslettertesting&amp;utm_medium=Tester_socialtesting&amp;utm_campaign=saletesting&amp;utm_content=Tester_buy-nowbtntesting&amp;utm_term=Tester_testing&amp;srd=667aaeb22f31c68f1dcec8a3</td><td>Test tiputap</td><td>tiptcdusry@gmail.com</td><td>8534332020</td></tr></table><p class="totop"><a href="#summary">back to summary</a></p>
</body>
</html>
