<?xml version="1.0" encoding="UTF-8"?>
<testng-results ignored="0" total="9" passed="7" failed="2" skipped="0">
  <reporter-output>
  </reporter-output>
  <suite started-at="2025-12-16T12:48:14 IST" name="TVS Website Suite" finished-at="2025-12-16T12:52:01 IST" duration-ms="226636">
    <groups>
    </groups>
    <test started-at="2025-12-16T12:48:14 IST" name="Sequential Execution" finished-at="2025-12-16T12:52:01 IST" duration-ms="226636">
      <class name="tvs_website_weekly_report.VerdeVista">
        <test-method signature="bannerForms(java.lang.String,java.lang.String,java.lang.String,java.lang.String)[pri:0, instance:tvs_website_weekly_report.VerdeVista@4c60d6e9]" started-at="2025-12-16T12:51:08 IST" name="bannerForms" finished-at="2025-12-16T12:51:32 IST" duration-ms="24056" status="PASS">
          <params>
            <param index="0">
              <value>
                <![CDATA[https://www.tvsemerald.com/lp/tvs-emerald-verde-vista/?p_s=Tester_Digital&se_s=Tester_Google&t_s=Tester_Google%20Search&ADCampaignID=21154353295&AdSetID=160172621163&AdID=695410883401&AdPosition=&matchtype=b&gad_source=1&gclid=Cj0KCQjwmt24BhDPARIsAJFYKk3Je-L7NQtA5f1i5vsgSqgT9-0Fi4TPWUQ8qoxKWmXnrQVkfOg6MlsaAttSEALw_wcB&utm_source=Tester_newslettertesting&utm_medium=Tester_socialtesting&utm_campaign=saletesting&utm_content=Tester_buy-nowbtntesting&utm_term=Tester_testing&srd=667aaeb22f31c68f1dcec8a3]]>
              </value>
            </param>
            <param index="1">
              <value>
                <![CDATA[Test tiputap]]>
              </value>
            </param>
            <param index="2">
              <value>
                <![CDATA[tiptcdusry@gmail.com]]>
              </value>
            </param>
            <param index="3">
              <value>
                <![CDATA[8534332020]]>
              </value>
            </param>
          </params>
          <reporter-output>
          </reporter-output>
        </test-method> <!-- bannerForms -->
      </class> <!-- tvs_website_weekly_report.VerdeVista -->
      <class name="tvs_website_weekly_report.Cascadia">
        <test-method signature="bannerForms(java.lang.String,java.lang.String,java.lang.String,java.lang.String)[pri:0, instance:tvs_website_weekly_report.Cascadia@79e4c792]" started-at="2025-12-16T12:50:16 IST" name="bannerForms" finished-at="2025-12-16T12:50:39 IST" duration-ms="23565" status="PASS">
          <params>
            <param index="0">
              <value>
                <![CDATA[https://www.tvsemerald.com/lp/tvs-emerald-cascadia/?p_s=Tester_Digital&se_s=Tester_Google&t_s=Tester_Google%20Search&ADCampaignID=21154353295&AdSetID=160172621163&AdID=695410883401&AdPosition=&matchtype=b&gad_source=1&gclid=Cj0KCQjwmt24BhDPARIsAJFYKk3Je-L7NQtA5f1i5vsgSqgT9-0Fi4TPWUQ8qoxKWmXnrQVkfOg6MlsaAttSEALw_wcB&utm_source=Tester_newslettertesting&utm_medium=Tester_socialtesting&utm_campaign=saletesting&utm_content=Tester_buy-nowbtntesting&utm_term=Tester_testing&srd=667aaeb22f31c68f1dcec8a3]]>
              </value>
            </param>
            <param index="1">
              <value>
                <![CDATA[Test tiputap]]>
              </value>
            </param>
            <param index="2">
              <value>
                <![CDATA[tiptcdusry@gmail.com]]>
              </value>
            </param>
            <param index="3">
              <value>
                <![CDATA[8534332020]]>
              </value>
            </param>
          </params>
          <reporter-output>
          </reporter-output>
        </test-method> <!-- bannerForms -->
      </class> <!-- tvs_website_weekly_report.Cascadia -->
      <class name="tvs_website_weekly_report.Luxor">
        <test-method signature="bannerForm(java.lang.String,java.lang.String,java.lang.String,java.lang.String)[pri:0, instance:tvs_website_weekly_report.Luxor@1c5920df]" started-at="2025-12-16T12:49:25 IST" name="bannerForm" finished-at="2025-12-16T12:49:58 IST" duration-ms="32360" status="FAIL">
          <params>
            <param index="0">
              <value>
                <![CDATA[https://www.tvsemerald.com/lp/tvs-emerald-luxor/?p_s=Tester_Digital&se_s=Tester_Google&t_s=Tester_Google%20Search&ADCampaignID=21154353295&AdSetID=160172621163&AdID=695410883401&AdPosition=&matchtype=b&gad_source=1&gclid=Cj0KCQjwmt24BhDPARIsAJFYKk3Je-L7NQtA5f1i5vsgSqgT9-0Fi4TPWUQ8qoxKWmXnrQVkfOg6MlsaAttSEALw_wcB&utm_source=Tester_newslettertesting&utm_medium=Tester_socialtesting&utm_campaign=saletesting&utm_content=Tester_buy-nowbtntesting&utm_term=Tester_testing&srd=667aaeb22f31c68f1dcec8a3]]>
              </value>
            </param>
            <param index="1">
              <value>
                <![CDATA[Test tiputap]]>
              </value>
            </param>
            <param index="2">
              <value>
                <![CDATA[tiptcdusry@gmail.com]]>
              </value>
            </param>
            <param index="3">
              <value>
                <![CDATA[8534332020]]>
              </value>
            </param>
          </params>
          <exception class="org.openqa.selenium.TimeoutException">
            <message>
              <![CDATA[Expected condition failed: waiting for url to contain "thankyou.php". Current url: "https://www.tvsemerald.com/lp/tvs-emerald-luxor/?p_s=Tester_Digital&se_s=Tester_Google&t_s=Tester_Google%20Search&ADCampaignID=21154353295&AdSetID=160172621163&AdID=695410883401&AdPosition=&matchtype=b&gad_source=1&gclid=Cj0KCQjwmt24BhDPARIsAJFYKk3Je-L7NQtA5f1i5vsgSqgT9-0Fi4TPWUQ8qoxKWmXnrQVkfOg6MlsaAttSEALw_wcB&utm_source=Tester_newslettertesting&utm_medium=Tester_socialtesting&utm_campaign=saletesting&utm_content=Tester_buy-nowbtntesting&utm_term=Tester_testing&srd=667aaeb22f31c68f1dcec8a3" (tried for 20 second(s) with 500 milliseconds interval)
Build info: version: '4.27.0', revision: 'd6e718d134'
System info: os.name: 'Windows 11', os.arch: 'amd64', os.version: '10.0', java.version: '17.0.10'
Driver info: org.openqa.selenium.chrome.ChromeDriver
Capabilities {acceptInsecureCerts: false, browserName: chrome, browserVersion: 143.0.7499.41, chrome: {chromedriverVersion: 143.0.7499.42 (24bdc8c48a0c..., userDataDir: C:\Users\SADHAM~1\AppData\L...}, fedcm:accounts: true, goog:chromeOptions: {debuggerAddress: localhost:64874}, goog:processID: 26896, networkConnectionEnabled: false, pageLoadStrategy: normal, platformName: windows, proxy: Proxy(), se:cdp: ws://localhost:64874/devtoo..., se:cdpVersion: 143.0.7499.41, setWindowRect: true, strictFileInteractability: false, timeouts: {implicit: 0, pageLoad: 300000, script: 30000}, unhandledPromptBehavior: dismiss and notify, webauthn:extension:credBlob: true, webauthn:extension:largeBlob: true, webauthn:extension:minPinLength: true, webauthn:extension:prf: true, webauthn:virtualAuthenticators: true}
Session ID: 916a621ab860f8e9568d30dce46bee18]]>
            </message>
            <full-stacktrace>
              <![CDATA[org.openqa.selenium.TimeoutException: Expected condition failed: waiting for url to contain "thankyou.php". Current url: "https://www.tvsemerald.com/lp/tvs-emerald-luxor/?p_s=Tester_Digital&se_s=Tester_Google&t_s=Tester_Google%20Search&ADCampaignID=21154353295&AdSetID=160172621163&AdID=695410883401&AdPosition=&matchtype=b&gad_source=1&gclid=Cj0KCQjwmt24BhDPARIsAJFYKk3Je-L7NQtA5f1i5vsgSqgT9-0Fi4TPWUQ8qoxKWmXnrQVkfOg6MlsaAttSEALw_wcB&utm_source=Tester_newslettertesting&utm_medium=Tester_socialtesting&utm_campaign=saletesting&utm_content=Tester_buy-nowbtntesting&utm_term=Tester_testing&srd=667aaeb22f31c68f1dcec8a3" (tried for 20 second(s) with 500 milliseconds interval)
Build info: version: '4.27.0', revision: 'd6e718d134'
System info: os.name: 'Windows 11', os.arch: 'amd64', os.version: '10.0', java.version: '17.0.10'
Driver info: org.openqa.selenium.chrome.ChromeDriver
Capabilities {acceptInsecureCerts: false, browserName: chrome, browserVersion: 143.0.7499.41, chrome: {chromedriverVersion: 143.0.7499.42 (24bdc8c48a0c..., userDataDir: C:\Users\SADHAM~1\AppData\L...}, fedcm:accounts: true, goog:chromeOptions: {debuggerAddress: localhost:64874}, goog:processID: 26896, networkConnectionEnabled: false, pageLoadStrategy: normal, platformName: windows, proxy: Proxy(), se:cdp: ws://localhost:64874/devtoo..., se:cdpVersion: 143.0.7499.41, setWindowRect: true, strictFileInteractability: false, timeouts: {implicit: 0, pageLoad: 300000, script: 30000}, unhandledPromptBehavior: dismiss and notify, webauthn:extension:credBlob: true, webauthn:extension:largeBlob: true, webauthn:extension:minPinLength: true, webauthn:extension:prf: true, webauthn:virtualAuthenticators: true}
Session ID: 916a621ab860f8e9568d30dce46bee18
at org.openqa.selenium.support.ui.WebDriverWait.timeoutException(WebDriverWait.java:84)
at org.openqa.selenium.support.ui.FluentWait.until(FluentWait.java:228)
at tvs_website_weekly_report.Luxor.bannerForm(Luxor.java:31)
at java.base/jdk.internal.reflect.NativeMethodAccessorImpl.invoke0(Native Method)
at java.base/jdk.internal.reflect.NativeMethodAccessorImpl.invoke(NativeMethodAccessorImpl.java:77)
at java.base/jdk.internal.reflect.DelegatingMethodAccessorImpl.invoke(DelegatingMethodAccessorImpl.java:43)
at java.base/java.lang.reflect.Method.invoke(Method.java:568)
at org.testng.internal.invokers.MethodInvocationHelper.invokeMethod(MethodInvocationHelper.java:139)
at org.testng.internal.invokers.TestInvoker.invokeMethod(TestInvoker.java:664)
at org.testng.internal.invokers.TestInvoker.invokeTestMethod(TestInvoker.java:228)
at org.testng.internal.invokers.MethodRunner.runInSequence(MethodRunner.java:63)
at org.testng.internal.invokers.TestInvoker$MethodInvocationAgent.invoke(TestInvoker.java:961)
at org.testng.internal.invokers.TestInvoker.invokeTestMethods(TestInvoker.java:201)
at org.testng.internal.invokers.TestMethodWorker.invokeTestMethods(TestMethodWorker.java:148)
at org.testng.internal.invokers.TestMethodWorker.run(TestMethodWorker.java:128)
at java.base/java.util.ArrayList.forEach(ArrayList.java:1511)
at org.testng.TestRunner.privateRun(TestRunner.java:819)
at org.testng.TestRunner.run(TestRunner.java:619)
at org.testng.SuiteRunner.runTest(SuiteRunner.java:443)
at org.testng.SuiteRunner.runSequentially(SuiteRunner.java:437)
at org.testng.SuiteRunner.privateRun(SuiteRunner.java:397)
at org.testng.SuiteRunner.run(SuiteRunner.java:336)
at org.testng.SuiteRunnerWorker.runSuite(SuiteRunnerWorker.java:52)
at org.testng.SuiteRunnerWorker.run(SuiteRunnerWorker.java:95)
at org.testng.TestNG.runSuitesSequentially(TestNG.java:1301)
at org.testng.TestNG.runSuitesLocally(TestNG.java:1228)
at org.testng.TestNG.runSuites(TestNG.java:1134)
at org.testng.TestNG.run(TestNG.java:1101)
at org.testng.remote.AbstractRemoteTestNG.run(AbstractRemoteTestNG.java:115)
at org.testng.remote.RemoteTestNG.initAndRun(RemoteTestNG.java:251)
at org.testng.remote.RemoteTestNG.main(RemoteTestNG.java:77)
]]>
            </full-stacktrace>
          </exception> <!-- org.openqa.selenium.TimeoutException -->
          <reporter-output>
          </reporter-output>
        </test-method> <!-- bannerForm -->
      </class> <!-- tvs_website_weekly_report.Luxor -->
      <class name="tvs_website_weekly_report.Auralis">
        <test-method signature="bannerForm(java.lang.String,java.lang.String,java.lang.String,java.lang.String)[pri:0, instance:tvs_website_weekly_report.Auralis@15043a2f]" started-at="2025-12-16T12:51:32 IST" name="bannerForm" finished-at="2025-12-16T12:52:01 IST" duration-ms="28547" status="PASS">
          <params>
            <param index="0">
              <value>
                <![CDATA[https://www.tvsemerald.com/lp/tvs-emerald-auralis/?p_s=Tester_Digital&se_s=Tester_Google&t_s=Tester_Google%20Search&ADCampaignID=21154353295&AdSetID=160172621163&AdID=695410883401&AdPosition=&matchtype=b&gad_source=1&gclid=Cj0KCQjwmt24BhDPARIsAJFYKk3Je-L7NQtA5f1i5vsgSqgT9-0Fi4TPWUQ8qoxKWmXnrQVkfOg6MlsaAttSEALw_wcB&utm_source=Tester_newslettertesting&utm_medium=Tester_socialtesting&utm_campaign=saletesting&utm_content=Tester_buy-nowbtntesting&utm_term=Tester_testing&srd=667aaeb22f31c68f1dcec8a3]]>
              </value>
            </param>
            <param index="1">
              <value>
                <![CDATA[Test tiputap]]>
              </value>
            </param>
            <param index="2">
              <value>
                <![CDATA[tiptcdusry@gmail.com]]>
              </value>
            </param>
            <param index="3">
              <value>
                <![CDATA[8534332020]]>
              </value>
            </param>
          </params>
          <reporter-output>
          </reporter-output>
        </test-method> <!-- bannerForm -->
      </class> <!-- tvs_website_weekly_report.Auralis -->
      <class name="tvs_website_weekly_report.ProjectPage">
        <test-method signature="testProjectPage(java.lang.String,java.lang.String,java.lang.String,java.lang.String)[pri:0, instance:tvs_website_weekly_report.ProjectPage@1ca3b418]" started-at="2025-12-16T12:48:14 IST" name="testProjectPage" finished-at="2025-12-16T12:48:38 IST" duration-ms="23585" status="PASS">
          <params>
            <param index="0">
              <value>
                <![CDATA[https://www.tvsemerald.com/projects/tvs-emerald-auralis/]]>
              </value>
            </param>
            <param index="1">
              <value>
                <![CDATA[Test tiputap]]>
              </value>
            </param>
            <param index="2">
              <value>
                <![CDATA[tiptcdusry@gmail.com]]>
              </value>
            </param>
            <param index="3">
              <value>
                <![CDATA[8534332020]]>
              </value>
            </param>
          </params>
          <reporter-output>
          </reporter-output>
        </test-method> <!-- testProjectPage -->
      </class> <!-- tvs_website_weekly_report.ProjectPage -->
      <class name="tvs_website_weekly_report.SereneSprings">
        <test-method signature="siteVisitForm(java.lang.String,java.lang.String,java.lang.String,java.lang.String)[pri:0, instance:tvs_website_weekly_report.SereneSprings@196a42c3]" started-at="2025-12-16T12:50:39 IST" name="siteVisitForm" finished-at="2025-12-16T12:51:08 IST" duration-ms="28740" status="PASS">
          <params>
            <param index="0">
              <value>
                <![CDATA[https://www.tvsemerald.com/lp/tvs-emerald-serene-springs/?p_s=Tester_Digital&se_s=Tester_Google&t_s=Tester_Google%20Search&ADCampaignID=21154353295&AdSetID=160172621163&AdID=695410883401&AdPosition=&matchtype=b&gad_source=1&gclid=Cj0KCQjwmt24BhDPARIsAJFYKk3Je-L7NQtA5f1i5vsgSqgT9-0Fi4TPWUQ8qoxKWmXnrQVkfOg6MlsaAttSEALw_wcB&utm_source=Tester_newslettertesting&utm_medium=Tester_socialtesting&utm_campaign=saletesting&utm_content=Tester_buy-nowbtntesting&utm_term=Tester_testing&srd=667aaeb22f31c68f1dcec8a3]]>
              </value>
            </param>
            <param index="1">
              <value>
                <![CDATA[Test tiputap]]>
              </value>
            </param>
            <param index="2">
              <value>
                <![CDATA[tiptcdusry@gmail.com]]>
              </value>
            </param>
            <param index="3">
              <value>
                <![CDATA[8534332020]]>
              </value>
            </param>
          </params>
          <reporter-output>
          </reporter-output>
        </test-method> <!-- siteVisitForm -->
      </class> <!-- tvs_website_weekly_report.SereneSprings -->
      <class name="tvs_website_weekly_report.ContactUsPage">
        <test-method signature="testContactUs(java.lang.String,java.lang.String,java.lang.String,java.lang.String)[pri:0, instance:tvs_website_weekly_report.ContactUsPage@75437611]" started-at="2025-12-16T12:48:38 IST" name="testContactUs" finished-at="2025-12-16T12:48:56 IST" duration-ms="18415" status="PASS">
          <params>
            <param index="0">
              <value>
                <![CDATA[https://www.tvsemerald.com/contact-us/?p_s=Tester_Digital&se_s=Tester_Google&t_s=Tester_Google%20Search&ADCampaignID=21154353295&AdSetID=160172621163&AdID=695410883401&AdPosition=&matchtype=b&gad_source=1&gclid=Cj0KCQjwmt24BhDPARIsAJFYKk3Je-L7NQtA5f1i5vsgSqgT9-0Fi4TPWUQ8qoxKWmXnrQVkfOg6MlsaAttSEALw_wcB&utm_source=Tester_newslettertesting&utm_medium=Tester_socialtesting&utm_campaign=saletesting&utm_content=Tester_buy-nowbtntesting&utm_term=Tester_testing&srd=667aaeb22f31c68f1dcec8a3]]>
              </value>
            </param>
            <param index="1">
              <value>
                <![CDATA[Test tiputap]]>
              </value>
            </param>
            <param index="2">
              <value>
                <![CDATA[tiptcdusry@gmail.com]]>
              </value>
            </param>
            <param index="3">
              <value>
                <![CDATA[8534332020]]>
              </value>
            </param>
          </params>
          <reporter-output>
          </reporter-output>
        </test-method> <!-- testContactUs -->
      </class> <!-- tvs_website_weekly_report.ContactUsPage -->
      <class name="tvs_website_weekly_report.Luxor_AnnaNagar">
        <test-method signature="bannerForm(java.lang.String,java.lang.String,java.lang.String,java.lang.String)[pri:0, instance:tvs_website_weekly_report.Luxor_AnnaNagar@17f9d882]" started-at="2025-12-16T12:49:58 IST" name="bannerForm" finished-at="2025-12-16T12:50:16 IST" duration-ms="18110" status="PASS">
          <params>
            <param index="0">
              <value>
                <![CDATA[https://www.tvsemerald.com/lp/tvs-emerald-luxor/anna-nagar/?p_s=Tester_Digital&se_s=Tester_Google&t_s=Tester_Google%20Search&ADCampaignID=21154353295&AdSetID=160172621163&AdID=695410883401&AdPosition=&matchtype=b&gad_source=1&gclid=Cj0KCQjwmt24BhDPARIsAJFYKk3Je-L7NQtA5f1i5vsgSqgT9-0Fi4TPWUQ8qoxKWmXnrQVkfOg6MlsaAttSEALw_wcB&utm_source=Tester_newslettertesting&utm_medium=Tester_socialtesting&utm_campaign=saletesting&utm_content=Tester_buy-nowbtntesting&utm_term=Tester_testing&srd=667aaeb22f31c68f1dcec8a3]]>
              </value>
            </param>
            <param index="1">
              <value>
                <![CDATA[Test tiputap]]>
              </value>
            </param>
            <param index="2">
              <value>
                <![CDATA[tiptcdusry@gmail.com]]>
              </value>
            </param>
            <param index="3">
              <value>
                <![CDATA[8534332020]]>
              </value>
            </param>
          </params>
          <reporter-output>
          </reporter-output>
        </test-method> <!-- bannerForm -->
      </class> <!-- tvs_website_weekly_report.Luxor_AnnaNagar -->
      <class name="tvs_website_weekly_report.Udyana">
        <test-method signature="eqnowForm(java.lang.String,java.lang.String,java.lang.String,java.lang.String)[pri:0, instance:tvs_website_weekly_report.Udyana@350aac89]" started-at="2025-12-16T12:48:56 IST" name="eqnowForm" finished-at="2025-12-16T12:49:25 IST" duration-ms="29149" status="FAIL">
          <params>
            <param index="0">
              <value>
                <![CDATA[https://www.tvsemerald.com/lp/tvs-emerald-udyana-phase-3/?p_s=Tester_Digital&se_s=Tester_Google&t_s=Tester_Google%20Search&ADCampaignID=21154353295&AdSetID=160172621163&AdID=695410883401&AdPosition=&matchtype=b&gad_source=1&gclid=Cj0KCQjwmt24BhDPARIsAJFYKk3Je-L7NQtA5f1i5vsgSqgT9-0Fi4TPWUQ8qoxKWmXnrQVkfOg6MlsaAttSEALw_wcB&utm_source=Tester_newslettertesting&utm_medium=Tester_socialtesting&utm_campaign=saletesting&utm_content=Tester_buy-nowbtntesting&utm_term=Tester_testing&srd=667aaeb22f31c68f1dcec8a3]]>
              </value>
            </param>
            <param index="1">
              <value>
                <![CDATA[Test tiputap]]>
              </value>
            </param>
            <param index="2">
              <value>
                <![CDATA[tiptcdusry@gmail.com]]>
              </value>
            </param>
            <param index="3">
              <value>
                <![CDATA[8534332020]]>
              </value>
            </param>
          </params>
          <exception class="org.openqa.selenium.ElementNotInteractableException">
            <message>
              <![CDATA[element not interactable
  (Session info: chrome=143.0.7499.41)
Build info: version: '4.27.0', revision: 'd6e718d134'
System info: os.name: 'Windows 11', os.arch: 'amd64', os.version: '10.0', java.version: '17.0.10'
Driver info: org.openqa.selenium.chrome.ChromeDriver
Command: [466831f9ef818ff6cf5a8ef4fdbfb818, sendKeysToElement {value=[Ljava.lang.CharSequence;@14faa38c, id=f.A578D89761C6FCD841D9C3E6DFE230B1.d.145067098FAD7E0A167B20DE8BF90537.e.465}]
Capabilities {acceptInsecureCerts: false, browserName: chrome, browserVersion: 143.0.7499.41, chrome: {chromedriverVersion: 143.0.7499.42 (24bdc8c48a0c..., userDataDir: C:\Users\SADHAM~1\AppData\L...}, fedcm:accounts: true, goog:chromeOptions: {debuggerAddress: localhost:54900}, goog:processID: 16496, networkConnectionEnabled: false, pageLoadStrategy: normal, platformName: windows, proxy: Proxy(), se:cdp: ws://localhost:54900/devtoo..., se:cdpVersion: 143.0.7499.41, setWindowRect: true, strictFileInteractability: false, timeouts: {implicit: 0, pageLoad: 300000, script: 30000}, unhandledPromptBehavior: dismiss and notify, webauthn:extension:credBlob: true, webauthn:extension:largeBlob: true, webauthn:extension:minPinLength: true, webauthn:extension:prf: true, webauthn:virtualAuthenticators: true}
Element: [[ChromeDriver: chrome on windows (466831f9ef818ff6cf5a8ef4fdbfb818)] -> xpath: (//input[@name='name'])[1]]
Session ID: 466831f9ef818ff6cf5a8ef4fdbfb818]]>
            </message>
            <full-stacktrace>
              <![CDATA[org.openqa.selenium.ElementNotInteractableException: element not interactable
  (Session info: chrome=143.0.7499.41)
Build info: version: '4.27.0', revision: 'd6e718d134'
System info: os.name: 'Windows 11', os.arch: 'amd64', os.version: '10.0', java.version: '17.0.10'
Driver info: org.openqa.selenium.chrome.ChromeDriver
Command: [466831f9ef818ff6cf5a8ef4fdbfb818, sendKeysToElement {value=[Ljava.lang.CharSequence;@14faa38c, id=f.A578D89761C6FCD841D9C3E6DFE230B1.d.145067098FAD7E0A167B20DE8BF90537.e.465}]
Capabilities {acceptInsecureCerts: false, browserName: chrome, browserVersion: 143.0.7499.41, chrome: {chromedriverVersion: 143.0.7499.42 (24bdc8c48a0c..., userDataDir: C:\Users\SADHAM~1\AppData\L...}, fedcm:accounts: true, goog:chromeOptions: {debuggerAddress: localhost:54900}, goog:processID: 16496, networkConnectionEnabled: false, pageLoadStrategy: normal, platformName: windows, proxy: Proxy(), se:cdp: ws://localhost:54900/devtoo..., se:cdpVersion: 143.0.7499.41, setWindowRect: true, strictFileInteractability: false, timeouts: {implicit: 0, pageLoad: 300000, script: 30000}, unhandledPromptBehavior: dismiss and notify, webauthn:extension:credBlob: true, webauthn:extension:largeBlob: true, webauthn:extension:minPinLength: true, webauthn:extension:prf: true, webauthn:virtualAuthenticators: true}
Element: [[ChromeDriver: chrome on windows (466831f9ef818ff6cf5a8ef4fdbfb818)] -> xpath: (//input[@name='name'])[1]]
Session ID: 466831f9ef818ff6cf5a8ef4fdbfb818
at java.base/jdk.internal.reflect.NativeConstructorAccessorImpl.newInstance0(Native Method)
at java.base/jdk.internal.reflect.NativeConstructorAccessorImpl.newInstance(NativeConstructorAccessorImpl.java:77)
at java.base/jdk.internal.reflect.DelegatingConstructorAccessorImpl.newInstance(DelegatingConstructorAccessorImpl.java:45)
at java.base/java.lang.reflect.Constructor.newInstanceWithCaller(Constructor.java:499)
at java.base/java.lang.reflect.Constructor.newInstance(Constructor.java:480)
at org.openqa.selenium.remote.ErrorCodec.decode(ErrorCodec.java:167)
at org.openqa.selenium.remote.codec.w3c.W3CHttpResponseCodec.decode(W3CHttpResponseCodec.java:138)
at org.openqa.selenium.remote.codec.w3c.W3CHttpResponseCodec.decode(W3CHttpResponseCodec.java:50)
at org.openqa.selenium.remote.HttpCommandExecutor.execute(HttpCommandExecutor.java:190)
at org.openqa.selenium.remote.service.DriverCommandExecutor.invokeExecute(DriverCommandExecutor.java:216)
at org.openqa.selenium.remote.service.DriverCommandExecutor.execute(DriverCommandExecutor.java:174)
at org.openqa.selenium.remote.RemoteWebDriver.execute(RemoteWebDriver.java:545)
at org.openqa.selenium.remote.RemoteWebElement.execute(RemoteWebElement.java:223)
at org.openqa.selenium.remote.RemoteWebElement.sendKeys(RemoteWebElement.java:110)
at tvs_website_weekly_report.Udyana.eqnowForm(Udyana.java:36)
at java.base/jdk.internal.reflect.NativeMethodAccessorImpl.invoke0(Native Method)
at java.base/jdk.internal.reflect.NativeMethodAccessorImpl.invoke(NativeMethodAccessorImpl.java:77)
at java.base/jdk.internal.reflect.DelegatingMethodAccessorImpl.invoke(DelegatingMethodAccessorImpl.java:43)
at java.base/java.lang.reflect.Method.invoke(Method.java:568)
at org.testng.internal.invokers.MethodInvocationHelper.invokeMethod(MethodInvocationHelper.java:139)
at org.testng.internal.invokers.TestInvoker.invokeMethod(TestInvoker.java:664)
at org.testng.internal.invokers.TestInvoker.invokeTestMethod(TestInvoker.java:228)
at org.testng.internal.invokers.MethodRunner.runInSequence(MethodRunner.java:63)
at org.testng.internal.invokers.TestInvoker$MethodInvocationAgent.invoke(TestInvoker.java:961)
at org.testng.internal.invokers.TestInvoker.invokeTestMethods(TestInvoker.java:201)
at org.testng.internal.invokers.TestMethodWorker.invokeTestMethods(TestMethodWorker.java:148)
at org.testng.internal.invokers.TestMethodWorker.run(TestMethodWorker.java:128)
at java.base/java.util.ArrayList.forEach(ArrayList.java:1511)
at org.testng.TestRunner.privateRun(TestRunner.java:819)
at org.testng.TestRunner.run(TestRunner.java:619)
at org.testng.SuiteRunner.runTest(SuiteRunner.java:443)
at org.testng.SuiteRunner.runSequentially(SuiteRunner.java:437)
at org.testng.SuiteRunner.privateRun(SuiteRunner.java:397)
at org.testng.SuiteRunner.run(SuiteRunner.java:336)
at org.testng.SuiteRunnerWorker.runSuite(SuiteRunnerWorker.java:52)
at org.testng.SuiteRunnerWorker.run(SuiteRunnerWorker.java:95)
at org.testng.TestNG.runSuitesSequentially(TestNG.java:1301)
at org.testng.TestNG.runSuitesLocally(TestNG.java:1228)
at org.testng.TestNG.runSuites(TestNG.java:1134)
at org.testng.TestNG.run(TestNG.java:1101)
at org.testng.remote.AbstractRemoteTestNG.run(AbstractRemoteTestNG.java:115)
at org.testng.remote.RemoteTestNG.initAndRun(RemoteTestNG.java:251)
at org.testng.remote.RemoteTestNG.main(RemoteTestNG.java:77)
]]>
            </full-stacktrace>
          </exception> <!-- org.openqa.selenium.ElementNotInteractableException -->
          <reporter-output>
          </reporter-output>
        </test-method> <!-- eqnowForm -->
      </class> <!-- tvs_website_weekly_report.Udyana -->
    </test> <!-- Sequential Execution -->
  </suite> <!-- TVS Website Suite -->
</testng-results>
